This is pdfTeX, Version 3.141592653-2.6-1.40.25 (MiKTeX 24.1) (preloaded format=pdflatex 2024.3.28)  28 MAR 2024 08:20
entering extended mode
 restricted \write18 enabled.
 %&-line parsing enabled.
**./modulescfcibm.tex
(modulescfcibm.tex
LaTeX2e <2023-11-01> patch level 1
L3 programming layer <2024-01-04>
(sphinxmanual.cls
Document Class: sphinxmanual 2019/12/01 v2.3.0 Document class (Sphinx manual)
(C:\Users\a.leguennec\AppData\Local\Programs\MiKTeX\tex/latex/base\report.cls
Document Class: report 2023/05/17 v1.4n Standard LaTeX document class
(C:\Users\a.leguennec\AppData\Local\Programs\MiKTeX\tex/latex/base\size10.clo
File: size10.clo 2023/05/17 v1.4n Standard LaTeX file (size option)
)
\c@part=\count187
\c@chapter=\count188
\c@section=\count189
\c@subsection=\count190
\c@subsubsection=\count191
\c@paragraph=\count192
\c@subparagraph=\count193
\c@figure=\count194
\c@table=\count195
\abovecaptionskip=\skip48
\belowcaptionskip=\skip49
\bibindent=\dimen140
)
LaTeX Info: Redefining \and on input line 35.
)
(C:\Users\a.leguennec\AppData\Local\Programs\MiKTeX\tex/latex/base\inputenc.sty
Package: inputenc 2021/02/14 v1.3d Input encoding file
\inpenc@prehook=\toks17
\inpenc@posthook=\toks18
)
   defining Unicode char U+00A0 (decimal 160)
   defining Unicode char U+2500 (decimal 9472)
   defining Unicode char U+2502 (decimal 9474)
   defining Unicode char U+2514 (decimal 9492)
   defining Unicode char U+251C (decimal 9500)
   defining Unicode char U+2572 (decimal 9586)
 (C:\Users\a.leguennec\AppData\Local\Programs\MiKTeX\tex/latex/cmap\cmap.sty
Package: cmap 2021/02/06 v1.0j CMap support: searchable PDF
)
(C:\Users\a.leguennec\AppData\Local\Programs\MiKTeX\tex/latex/base\fontenc.sty
Package: fontenc 2021/04/29 v2.0v Standard LaTeX package
<<t1.cmap>>)
(C:\Users\a.leguennec\AppData\Local\Programs\MiKTeX\tex/latex/amsmath\amsmath.s
ty
Package: amsmath 2023/05/13 v2.17o AMS math features
\@mathmargin=\skip50

For additional information on amsmath, use the `?' option.

(C:\Users\a.leguennec\AppData\Local\Programs\MiKTeX\tex/latex/amsmath\amstext.s
ty
Package: amstext 2021/08/26 v2.01 AMS text

(C:\Users\a.leguennec\AppData\Local\Programs\MiKTeX\tex/latex/amsmath\amsgen.st
y
File: amsgen.sty 1999/11/30 v2.0 generic functions
\@emptytoks=\toks19
\ex@=\dimen141
))
(C:\Users\a.leguennec\AppData\Local\Programs\MiKTeX\tex/latex/amsmath\amsbsy.st
y
Package: amsbsy 1999/11/29 v1.2d Bold Symbols
\pmbraise@=\dimen142
)
(C:\Users\a.leguennec\AppData\Local\Programs\MiKTeX\tex/latex/amsmath\amsopn.st
y
Package: amsopn 2022/04/08 v2.04 operator names
)
\inf@bad=\count196
LaTeX Info: Redefining \frac on input line 234.
\uproot@=\count197
\leftroot@=\count198
LaTeX Info: Redefining \overline on input line 399.
LaTeX Info: Redefining \colon on input line 410.
\classnum@=\count199
\DOTSCASE@=\count266
LaTeX Info: Redefining \ldots on input line 496.
LaTeX Info: Redefining \dots on input line 499.
LaTeX Info: Redefining \cdots on input line 620.
\Mathstrutbox@=\box51
\strutbox@=\box52
LaTeX Info: Redefining \big on input line 722.
LaTeX Info: Redefining \Big on input line 723.
LaTeX Info: Redefining \bigg on input line 724.
LaTeX Info: Redefining \Bigg on input line 725.
\big@size=\dimen143
LaTeX Font Info:    Redeclaring font encoding OML on input line 743.
LaTeX Font Info:    Redeclaring font encoding OMS on input line 744.
\macc@depth=\count267
LaTeX Info: Redefining \bmod on input line 905.
LaTeX Info: Redefining \pmod on input line 910.
LaTeX Info: Redefining \smash on input line 940.
LaTeX Info: Redefining \relbar on input line 970.
LaTeX Info: Redefining \Relbar on input line 971.
\c@MaxMatrixCols=\count268
\dotsspace@=\muskip16
\c@parentequation=\count269
\dspbrk@lvl=\count270
\tag@help=\toks20
\row@=\count271
\column@=\count272
\maxfields@=\count273
\andhelp@=\toks21
\eqnshift@=\dimen144
\alignsep@=\dimen145
\tagshift@=\dimen146
\tagwidth@=\dimen147
\totwidth@=\dimen148
\lineht@=\dimen149
\@envbody=\toks22
\multlinegap=\skip51
\multlinetaggap=\skip52
\mathdisplay@stack=\toks23
LaTeX Info: Redefining \[ on input line 2953.
LaTeX Info: Redefining \] on input line 2954.
)
(C:\Users\a.leguennec\AppData\Local\Programs\MiKTeX\tex/latex/amsfonts\amssymb.
sty
Package: amssymb 2013/01/14 v3.01 AMS font symbols

(C:\Users\a.leguennec\AppData\Local\Programs\MiKTeX\tex/latex/amsfonts\amsfonts
.sty
Package: amsfonts 2013/01/14 v3.01 Basic AMSFonts support
\symAMSa=\mathgroup4
\symAMSb=\mathgroup5
LaTeX Font Info:    Redeclaring math symbol \hbar on input line 98.
LaTeX Font Info:    Overwriting math alphabet `\mathfrak' in version `bold'
(Font)                  U/euf/m/n --> U/euf/b/n on input line 106.
))
(C:\Users\a.leguennec\AppData\Local\Programs\MiKTeX\tex/generic/babel\babel.sty
Package: babel 2024/01/07 v24.1 The Babel package
\babel@savecnt=\count274
\U@D=\dimen150
\l@unhyphenated=\language79

(C:\Users\a.leguennec\AppData\Local\Programs\MiKTeX\tex/generic/babel\txtbabel.
def)
\bbl@readstream=\read2
\bbl@dirlevel=\count275

*************************************
* Local config file bblopts.cfg used
*

(C:\Users\a.leguennec\AppData\Local\Programs\MiKTeX\tex/latex/arabi\bblopts.cfg
File: bblopts.cfg 2005/09/08 v0.1 add Arabic and Farsi to "declared" options of
 babel
)
(C:\Users\a.leguennec\AppData\Local\Programs\MiKTeX\tex/generic/babel-french\fr
ench.ldf
Language: french 2024-02-29 v3.5s French support from the babel system
Package babel Info: Hyphen rules for 'acadian' set to \l@french
(babel)             (\language22). Reported on input line 91.
Package babel Info: Hyphen rules for 'canadien' set to \l@french
(babel)             (\language22). Reported on input line 92.
\FB@stdchar=\count276
Package babel Info: Making : an active character on input line 420.
Package babel Info: Making ; an active character on input line 421.
Package babel Info: Making ! an active character on input line 422.
Package babel Info: Making ? an active character on input line 423.
\FBguill@level=\count277
\FBold@everypar=\toks24
\FB@Mht=\dimen151
\mc@charclass=\count278
\mc@charfam=\count279
\mc@charslot=\count280
\std@mcc=\count281
\dec@mcc=\count282
\FB@parskip=\dimen152
\listindentFB=\dimen153
\descindentFB=\dimen154
\labelindentFB=\dimen155
\labelwidthFB=\dimen156
\leftmarginFB=\dimen157
\parindentFFN=\dimen158
\FBfnindent=\dimen159
))
(C:\Users\a.leguennec\AppData\Local\Programs\MiKTeX\tex/generic/babel/locale/fr
\babel-french.tex
Package babel Info: Importing font and identification data for french
(babel)             from babel-fr.ini. Reported on input line 11.
)
(C:\Users\a.leguennec\AppData\Local\Programs\MiKTeX\tex/latex/carlisle\scalefnt
.sty)
(C:\Users\a.leguennec\AppData\Local\Programs\MiKTeX\tex/latex/graphics\keyval.s
ty
Package: keyval 2022/05/29 v1.15 key=value parser (DPC)
\KV@toks@=\toks25
)
(C:\Users\a.leguennec\AppData\Local\Programs\MiKTeX\tex/latex/tex-gyre\tgtermes
.sty
Package: tgtermes 2009/09/27 v1.2 TeX Gyre Termes as default roman family

(C:\Users\a.leguennec\AppData\Local\Programs\MiKTeX\tex/latex/kvoptions\kvoptio
ns.sty
Package: kvoptions 2022-06-15 v3.15 Key value format for package options (HO)

(C:\Users\a.leguennec\AppData\Local\Programs\MiKTeX\tex/generic/ltxcmds\ltxcmds
.sty
Package: ltxcmds 2023-12-04 v1.26 LaTeX kernel commands for general use (HO)
)
(C:\Users\a.leguennec\AppData\Local\Programs\MiKTeX\tex/latex/kvsetkeys\kvsetke
ys.sty
Package: kvsetkeys 2022-10-05 v1.19 Key value parser (HO)
)))
(C:\Users\a.leguennec\AppData\Local\Programs\MiKTeX\tex/latex/tex-gyre\tgheros.
sty
Package: tgheros 2009/09/27 v1.2 TeX Gyre Heros as default sans serif family
)
(C:\Users\a.leguennec\AppData\Local\Programs\MiKTeX\tex/latex/fncychap\fncychap
.sty
Package: fncychap 2007/07/30 v1.34 LaTeX package (Revised chapters)
\RW=\skip53
\mylen=\skip54
\myhi=\skip55
\px=\skip56
\py=\skip57
\pyy=\skip58
\pxx=\skip59
) (sphinx.sty
Package: sphinx 2023/03/19 v6.2.0 LaTeX package (Sphinx markup)

(C:\Users\a.leguennec\AppData\Local\Programs\MiKTeX\tex/latex/xcolor\xcolor.sty
Package: xcolor 2023/11/15 v3.01 LaTeX color extensions (UK)

(C:\Users\a.leguennec\AppData\Local\Programs\MiKTeX\tex/latex/graphics-cfg\colo
r.cfg
File: color.cfg 2016/01/02 v1.6 sample color configuration
)
Package xcolor Info: Driver file: pdftex.def on input line 274.

(C:\Users\a.leguennec\AppData\Local\Programs\MiKTeX\tex/latex/graphics-def\pdft
ex.def
File: pdftex.def 2022/09/22 v1.2b Graphics/color driver for pdftex
)
(C:\Users\a.leguennec\AppData\Local\Programs\MiKTeX\tex/latex/graphics\mathcolo
r.ltx)
Package xcolor Info: Model `cmy' substituted by `cmy0' on input line 1350.
Package xcolor Info: Model `hsb' substituted by `rgb' on input line 1354.
Package xcolor Info: Model `RGB' extended on input line 1366.
Package xcolor Info: Model `HTML' substituted by `rgb' on input line 1368.
Package xcolor Info: Model `Hsb' substituted by `hsb' on input line 1369.
Package xcolor Info: Model `tHsb' substituted by `hsb' on input line 1370.
Package xcolor Info: Model `HSB' substituted by `hsb' on input line 1371.
Package xcolor Info: Model `Gray' substituted by `gray' on input line 1372.
Package xcolor Info: Model `wave' substituted by `hsb' on input line 1373.
) (sphinxoptionshyperref.sty
File: sphinxoptionshyperref.sty 2021/01/27 hyperref
) (sphinxoptionsgeometry.sty
File: sphinxoptionsgeometry.sty 2021/01/27 geometry
)
(C:\Users\a.leguennec\AppData\Local\Programs\MiKTeX\tex/latex/base\textcomp.sty
Package: textcomp 2020/02/02 v2.0n Standard LaTeX package
) (C:\Users\a.leguennec\AppData\Local\Programs\MiKTeX\tex/latex/float\float.sty
Package: float 2001/11/08 v1.3d Float enhancements (AL)
\c@float@type=\count283
\float@exts=\toks26
\float@box=\box53
\@float@everytoks=\toks27
\@floatcapt=\box54
)
(C:\Users\a.leguennec\AppData\Local\Programs\MiKTeX\tex/latex/wrapfig\wrapfig.s
ty
\wrapoverhang=\dimen160
\WF@size=\dimen161
\c@WF@wrappedlines=\count284
\WF@box=\box55
\WF@everypar=\toks28
Package: wrapfig 2003/01/31  v 3.6
)
(C:\Users\a.leguennec\AppData\Local\Programs\MiKTeX\tex/latex/capt-of\capt-of.s
ty
Package: capt-of 2009/12/29 v0.2 standard captions outside of floats
)
(C:\Users\a.leguennec\AppData\Local\Programs\MiKTeX\tex/latex/tools\multicol.st
y
Package: multicol 2023/03/30 v1.9f multicolumn formatting (FMi)
\c@tracingmulticols=\count285
\mult@box=\box56
\multicol@leftmargin=\dimen162
\c@unbalance=\count286
\c@collectmore=\count287
\doublecol@number=\count288
\multicoltolerance=\count289
\multicolpretolerance=\count290
\full@width=\dimen163
\page@free=\dimen164
\premulticols=\dimen165
\postmulticols=\dimen166
\multicolsep=\skip60
\multicolbaselineskip=\skip61
\partial@page=\box57
\last@line=\box58
\mc@boxedresult=\box59
\maxbalancingoverflow=\dimen167
\mult@rightbox=\box60
\mult@grightbox=\box61
\mult@firstbox=\box62
\mult@gfirstbox=\box63
\@tempa=\box64
\@tempa=\box65
\@tempa=\box66
\@tempa=\box67
\@tempa=\box68
\@tempa=\box69
\@tempa=\box70
\@tempa=\box71
\@tempa=\box72
\@tempa=\box73
\@tempa=\box74
\@tempa=\box75
\@tempa=\box76
\@tempa=\box77
\@tempa=\box78
\@tempa=\box79
\@tempa=\box80
\@tempa=\box81
\@tempa=\box82
\@tempa=\box83
\@tempa=\box84
\@tempa=\box85
\@tempa=\box86
\@tempa=\box87
\@tempa=\box88
\@tempa=\box89
\@tempa=\box90
\@tempa=\box91
\@tempa=\box92
\@tempa=\box93
\@tempa=\box94
\@tempa=\box95
\@tempa=\box96
\@tempa=\box97
\@tempa=\box98
\@tempa=\box99
\c@minrows=\count291
\c@columnbadness=\count292
\c@finalcolumnbadness=\count293
\last@try=\dimen168
\multicolovershoot=\dimen169
\multicolundershoot=\dimen170
\mult@nat@firstbox=\box100
\colbreak@box=\box101
\mc@col@check@num=\count294
)
(C:\Users\a.leguennec\AppData\Local\Programs\MiKTeX\tex/latex/graphics\graphicx
.sty
Package: graphicx 2021/09/16 v1.2d Enhanced LaTeX Graphics (DPC,SPQR)

(C:\Users\a.leguennec\AppData\Local\Programs\MiKTeX\tex/latex/graphics\graphics
.sty
Package: graphics 2022/03/10 v1.4e Standard LaTeX Graphics (DPC,SPQR)

(C:\Users\a.leguennec\AppData\Local\Programs\MiKTeX\tex/latex/graphics\trig.sty
Package: trig 2021/08/11 v1.11 sin cos tan (DPC)
)
(C:\Users\a.leguennec\AppData\Local\Programs\MiKTeX\tex/latex/graphics-cfg\grap
hics.cfg
File: graphics.cfg 2016/06/04 v1.11 sample graphics configuration
)
Package graphics Info: Driver file: pdftex.def on input line 107.
)
\Gin@req@height=\dimen171
\Gin@req@width=\dimen172
) (sphinxlatexgraphics.sty
File: sphinxlatexgraphics.sty 2021/01/27 graphics
\spx@image@maxheight=\dimen173
\spx@image@box=\box102
) (sphinxpackageboxes.sty
Package: sphinxpackageboxes 2023/03/19 v6.2.0 advanced colored boxes

(C:\Users\a.leguennec\AppData\Local\Programs\MiKTeX\tex/latex/pict2e\pict2e.sty
Package: pict2e 2020/09/30 v0.4b Improved picture commands (HjG,RN,JT)

(C:\Users\a.leguennec\AppData\Local\Programs\MiKTeX\tex/latex/pict2e\pict2e.cfg
File: pict2e.cfg 2016/02/05 v0.1u pict2e configuration for teTeX/TeXLive
)
Package pict2e Info: Driver file: pdftex.def on input line 112.
Package pict2e Info: Driver file for pict2e: p2e-pdftex.def on input line 114.

(C:\Users\a.leguennec\AppData\Local\Programs\MiKTeX\tex/latex/pict2e\p2e-pdftex
.def
File: p2e-pdftex.def 2016/02/05 v0.1u Driver-dependant file (RN,HjG,JT)
)
\pIIe@GRAPH=\toks29
\@arclen=\dimen174
\@arcrad=\dimen175
\pIIe@tempdima=\dimen176
\pIIe@tempdimb=\dimen177
\pIIe@tempdimc=\dimen178
\pIIe@tempdimd=\dimen179
\pIIe@tempdime=\dimen180
\pIIe@tempdimf=\dimen181
)
(C:\Users\a.leguennec\AppData\Local\Programs\MiKTeX\tex/latex/ellipse\ellipse.s
ty
Package: ellipse 2004/11/05 v1.0 .dtx ellipse file
)
\@tempdimd=\dimen182
\spx@tempboxa=\box103
\spx@tempboxb=\box104
\spx@boxes@border=\dimen183
\spx@boxes@border@top=\dimen184
\spx@boxes@border@right=\dimen185
\spx@boxes@border@bottom=\dimen186
\spx@boxes@border@left=\dimen187
\spx@boxes@padding@top=\dimen188
\spx@boxes@padding@right=\dimen189
\spx@boxes@padding@bottom=\dimen190
\spx@boxes@padding@left=\dimen191
\spx@boxes@shadow@xoffset=\dimen192
\spx@boxes@shadow@yoffset=\dimen193
\spx@boxes@radius@topleft@x=\dimen194
\spx@boxes@radius@topright@x=\dimen195
\spx@boxes@radius@bottomright@x=\dimen196
\spx@boxes@radius@bottomleft@x=\dimen197
\spx@boxes@radius@topleft@y=\dimen198
\spx@boxes@radius@topright@y=\dimen199
\spx@boxes@radius@bottomright@y=\dimen256
\spx@boxes@radius@bottomleft@y=\dimen257
) (sphinxlatexadmonitions.sty
File: sphinxlatexadmonitions.sty 2023/03/19 admonitions

(C:\Users\a.leguennec\AppData\Local\Programs\MiKTeX\tex/latex/framed\framed.sty
Package: framed 2011/10/22 v 0.96: framed or shaded text with page breaks
\OuterFrameSep=\skip62
\fb@frw=\dimen258
\fb@frh=\dimen259
\FrameRule=\dimen260
\FrameSep=\dimen261
)
\spx@notice@border=\dimen262
) (sphinxlatexliterals.sty
File: sphinxlatexliterals.sty 2023/04/01 code-blocks and parsed literals

(C:\Users\a.leguennec\AppData\Local\Programs\MiKTeX\tex/latex/fancyvrb\fancyvrb
.sty
Package: fancyvrb 2024/01/20 4.5c verbatim text (tvz,hv)
\FV@CodeLineNo=\count295
\FV@InFile=\read3
\FV@TabBox=\box105
\c@FancyVerbLine=\count296
\FV@StepNumber=\count297
\FV@OutFile=\write3
)
(C:\Users\a.leguennec\AppData\Local\Programs\MiKTeX\tex/latex/base\alltt.sty
Package: alltt 2021/01/29 v2.0g defines alltt environment
)
(C:\Users\a.leguennec\AppData\Local\Programs\MiKTeX\tex/latex/upquote\upquote.s
ty
Package: upquote 2012/04/19 v1.3 upright-quote and grave-accent glyphs in verba
tim
)
(C:\Users\a.leguennec\AppData\Local\Programs\MiKTeX\tex/latex/needspace\needspa
ce.sty
Package: needspace 2010/09/12 v1.3d reserve vertical space
)
\sphinxcontinuationbox=\box106
\sphinxvisiblespacebox=\box107
\sphinxVerbatim@TitleBox=\box108
\sphinxVerbatim@ContentsBox=\box109
) (sphinxlatexshadowbox.sty
File: sphinxlatexshadowbox.sty 2023/03/19 sphinxShadowBox
) (sphinxlatexcontainers.sty
File: sphinxlatexcontainers.sty 2021/05/03 containers
)
(sphinxhighlight.sty
Package: sphinxhighlight 2022/06/30 stylesheet for highlighting with pygments
) (sphinxlatextables.sty
File: sphinxlatextables.sty 2022/08/15 tables

(C:\Users\a.leguennec\AppData\Local\Programs\MiKTeX\tex/latex/tabulary\tabulary
.sty
Package: tabulary 2014/06/11 v0.10 tabulary package (DPC)

(C:\Users\a.leguennec\AppData\Local\Programs\MiKTeX\tex/latex/tools\array.sty
Package: array 2023/10/16 v2.5g Tabular extension package (FMi)
\col@sep=\dimen263
\ar@mcellbox=\box110
\extrarowheight=\dimen264
\NC@list=\toks30
\extratabsurround=\skip63
\backup@length=\skip64
\ar@cellbox=\box111
)
\TY@count=\count298
\TY@linewidth=\dimen265
\tymin=\dimen266
\tymax=\dimen267
\TY@tablewidth=\dimen268
)
(C:\Users\a.leguennec\AppData\Local\Programs\MiKTeX\tex/latex/tools\longtable.s
ty
Package: longtable 2023-11-01 v4.19 Multi-page Table package (DPC)
\LTleft=\skip65
\LTright=\skip66
\LTpre=\skip67
\LTpost=\skip68
\LTchunksize=\count299
\LTcapwidth=\dimen269
\LT@head=\box112
\LT@firsthead=\box113
\LT@foot=\box114
\LT@lastfoot=\box115
\LT@gbox=\box116
\LT@cols=\count300
\LT@rows=\count301
\c@LT@tables=\count302
\c@LT@chunks=\count303
\LT@p@ftn=\toks31
)
(C:\Users\a.leguennec\AppData\Local\Programs\MiKTeX\tex/latex/varwidth\varwidth
.sty
Package: varwidth 2009/03/30 ver 0.92;  Variable-width minipages
\@vwid@box=\box117
\sift@deathcycles=\count304
\@vwid@loff=\dimen270
\@vwid@roff=\dimen271
)
\sphinx@TY@tablewidth=\dimen272

(C:\Users\a.leguennec\AppData\Local\Programs\MiKTeX\tex/latex/colortbl\colortbl
.sty
Package: colortbl 2024/02/20 v1.0g Color table columns (DPC)
\everycr=\toks32
\minrowclearance=\skip69
\rownum=\count305
)
(C:\Users\a.leguennec\AppData\Local\Programs\MiKTeX\tex/latex/booktabs\booktabs
.sty
Package: booktabs 2020/01/12 v1.61803398 Publication quality tables
\heavyrulewidth=\dimen273
\lightrulewidth=\dimen274
\cmidrulewidth=\dimen275
\belowrulesep=\dimen276
\belowbottomsep=\dimen277
\aboverulesep=\dimen278
\abovetopsep=\dimen279
\cmidrulesep=\dimen280
\cmidrulekern=\dimen281
\defaultaddspace=\dimen282
\@cmidla=\count306
\@cmidlb=\count307
\@aboverulesep=\dimen283
\@belowrulesep=\dimen284
\@thisruleclass=\count308
\@lastruleclass=\count309
\@thisrulewidth=\dimen285
)) (sphinxlatexnumfig.sty
File: sphinxlatexnumfig.sty 2021/01/27 numbering
) (sphinxlatexlists.sty
File: sphinxlatexlists.sty 2021/12/20 lists
\spx@lineitemlabel=\toks33
)
\c@sphinxscope=\count310

(sphinxpackagefootnote.sty
Package: sphinxpackagefootnote 2022/08/15 v5.3.0 Sphinx custom footnotehyper pa
ckage (Sphinx team)
\FNH@notes=\box118
\FNH@toks=\toks34
\FNH@width=\dimen286
\c@sphinxfootnotemark=\count311
) (sphinxlatexindbibtoc.sty
File: sphinxlatexindbibtoc.sty 2021/01/27 index, bib., toc

(C:\Users\a.leguennec\AppData\Local\Programs\MiKTeX\tex/latex/base\makeidx.sty
Package: makeidx 2021/10/04 v1.0m Standard LaTeX package
)) (sphinxlatexstylepage.sty
File: sphinxlatexstylepage.sty 2021/01/27 page styling

(C:\Users\a.leguennec\AppData\Local\Programs\MiKTeX\tex/latex/parskip\parskip.s
ty
Rollback for package 'parskip' requested -> version 'v1'.
         This corresponds to the release introduced on 2001-04-09.

(C:\Users\a.leguennec\AppData\Local\Programs\MiKTeX\tex/latex/parskip\parskip-2
001-04-09.sty
Package: parskip 2001/04/09 non-zero parskip adjustments
))
(C:\Users\a.leguennec\AppData\Local\Programs\MiKTeX\tex/latex/fancyhdr\fancyhdr
.sty
Package: fancyhdr 2022/11/09 v4.1 Extensive control of page headers and footers

\f@nch@headwidth=\skip70
\f@nch@O@elh=\skip71
\f@nch@O@erh=\skip72
\f@nch@O@olh=\skip73
\f@nch@O@orh=\skip74
\f@nch@O@elf=\skip75
\f@nch@O@erf=\skip76
\f@nch@O@olf=\skip77
\f@nch@O@orf=\skip78
)) (sphinxlatexstyleheadings.sty
File: sphinxlatexstyleheadings.sty 2023/02/11 headings

(C:\Users\a.leguennec\AppData\Local\Programs\MiKTeX\tex/latex/titlesec\titlesec
.sty
Package: titlesec 2023/10/27 v2.16 Sectioning titles
\ttl@box=\box119
\beforetitleunit=\skip79
\aftertitleunit=\skip80
\ttl@plus=\dimen287
\ttl@minus=\dimen288
\ttl@toksa=\toks35
\titlewidth=\dimen289
\titlewidthlast=\dimen290
\titlewidthfirst=\dimen291
)) (sphinxlatexstyletext.sty
File: sphinxlatexstyletext.sty 2023/07/23 text styling
) (sphinxlatexobjects.sty
File: sphinxlatexobjects.sty 2023/07/23 documentation environments
\sphinxsignaturesep=\skip81
\sphinxsignaturelistskip=\skip82
\py@argswidth=\skip83
\lineblockindentation=\skip84
\DUlineblockindent=\skip85
))
(C:\Users\a.leguennec\AppData\Local\Programs\MiKTeX\tex/latex/geometry\geometry
.sty
Package: geometry 2020/01/02 v5.9 Page Geometry

(C:\Users\a.leguennec\AppData\Local\Programs\MiKTeX\tex/generic/iftex\ifvtex.st
y
Package: ifvtex 2019/10/25 v1.7 ifvtex legacy package. Use iftex instead.

(C:\Users\a.leguennec\AppData\Local\Programs\MiKTeX\tex/generic/iftex\iftex.sty
Package: iftex 2022/02/03 v1.0f TeX engine tests
))
\Gm@cnth=\count312
\Gm@cntv=\count313
\c@Gm@tempcnt=\count314
\Gm@bindingoffset=\dimen292
\Gm@wd@mp=\dimen293
\Gm@odd@mp=\dimen294
\Gm@even@mp=\dimen295
\Gm@layoutwidth=\dimen296
\Gm@layoutheight=\dimen297
\Gm@layouthoffset=\dimen298
\Gm@layoutvoffset=\dimen299
\Gm@dimlist=\toks36

(C:\Users\a.leguennec\AppData\Local\Programs\MiKTeX\tex/latex/geometry\geometry
.cfg))
(C:\Users\a.leguennec\AppData\Local\Programs\MiKTeX\tex/latex/hyperref\hyperref
.sty
Package: hyperref 2023-11-26 v7.01g Hypertext links for LaTeX

(C:\Users\a.leguennec\AppData\Local\Programs\MiKTeX\tex/generic/infwarerr\infwa
rerr.sty
Package: infwarerr 2019/12/03 v1.5 Providing info/warning/error messages (HO)
)
(C:\Users\a.leguennec\AppData\Local\Programs\MiKTeX\tex/generic/kvdefinekeys\kv
definekeys.sty
Package: kvdefinekeys 2019-12-19 v1.6 Define keys (HO)
)
(C:\Users\a.leguennec\AppData\Local\Programs\MiKTeX\tex/generic/pdfescape\pdfes
cape.sty
Package: pdfescape 2019/12/09 v1.15 Implements pdfTeX's escape features (HO)

(C:\Users\a.leguennec\AppData\Local\Programs\MiKTeX\tex/generic/pdftexcmds\pdft
excmds.sty
Package: pdftexcmds 2020-06-27 v0.33 Utility functions of pdfTeX for LuaTeX (HO
)
Package pdftexcmds Info: \pdf@primitive is available.
Package pdftexcmds Info: \pdf@ifprimitive is available.
Package pdftexcmds Info: \pdfdraftmode found.
))
(C:\Users\a.leguennec\AppData\Local\Programs\MiKTeX\tex/latex/hycolor\hycolor.s
ty
Package: hycolor 2020-01-27 v1.10 Color options for hyperref/bookmark (HO)
)
(C:\Users\a.leguennec\AppData\Local\Programs\MiKTeX\tex/latex/letltxmacro\letlt
xmacro.sty
Package: letltxmacro 2019/12/03 v1.6 Let assignment for LaTeX macros (HO)
)
(C:\Users\a.leguennec\AppData\Local\Programs\MiKTeX\tex/latex/auxhook\auxhook.s
ty
Package: auxhook 2019-12-17 v1.6 Hooks for auxiliary files (HO)
)
(C:\Users\a.leguennec\AppData\Local\Programs\MiKTeX\tex/latex/hyperref\nameref.
sty
Package: nameref 2023-11-26 v2.56 Cross-referencing by name of section

(C:\Users\a.leguennec\AppData\Local\Programs\MiKTeX\tex/latex/refcount\refcount
.sty
Package: refcount 2019/12/15 v3.6 Data extraction from label references (HO)
)
(C:\Users\a.leguennec\AppData\Local\Programs\MiKTeX\tex/generic/gettitlestring\
gettitlestring.sty
Package: gettitlestring 2019/12/15 v1.6 Cleanup title references (HO)
)
\c@section@level=\count315
)
(C:\Users\a.leguennec\AppData\Local\Programs\MiKTeX\tex/latex/etoolbox\etoolbox
.sty
Package: etoolbox 2020/10/05 v2.5k e-TeX tools for LaTeX (JAW)
\etb@tempcnta=\count316
)
\@linkdim=\dimen300
\Hy@linkcounter=\count317
\Hy@pagecounter=\count318

(C:\Users\a.leguennec\AppData\Local\Programs\MiKTeX\tex/latex/hyperref\pd1enc.d
ef
File: pd1enc.def 2023-11-26 v7.01g Hyperref: PDFDocEncoding definition (HO)
Now handling font encoding PD1 ...
... no UTF-8 mapping file for font encoding PD1
)
(C:\Users\a.leguennec\AppData\Local\Programs\MiKTeX\tex/generic/intcalc\intcalc
.sty
Package: intcalc 2019/12/15 v1.3 Expandable calculations with integers (HO)
)
\Hy@SavedSpaceFactor=\count319

(C:\Users\a.leguennec\AppData\Local\Programs\MiKTeX\tex/latex/hyperref\puenc.de
f
File: puenc.def 2023-11-26 v7.01g Hyperref: PDF Unicode definition (HO)
Now handling font encoding PU ...
... no UTF-8 mapping file for font encoding PU
)
Package hyperref Info: Option `unicode' set `true' on input line 4064.
Package hyperref Info: Option `colorlinks' set `true' on input line 4064.
Package hyperref Info: Option `breaklinks' set `true' on input line 4064.
Package hyperref Info: Hyper figures OFF on input line 4181.
Package hyperref Info: Link nesting OFF on input line 4186.
Package hyperref Info: Hyper index ON on input line 4189.
Package hyperref Info: Plain pages OFF on input line 4196.
Package hyperref Info: Backreferencing OFF on input line 4201.
Package hyperref Info: Implicit mode ON; LaTeX internals redefined.
Package hyperref Info: Bookmarks ON on input line 4448.
\c@Hy@tempcnt=\count320
 (C:\Users\a.leguennec\AppData\Local\Programs\MiKTeX\tex/latex/url\url.sty
\Urlmuskip=\muskip17
Package: url 2013/09/16  ver 3.4  Verb mode for urls, etc.
)
LaTeX Info: Redefining \url on input line 4786.
\XeTeXLinkMargin=\dimen301

(C:\Users\a.leguennec\AppData\Local\Programs\MiKTeX\tex/generic/bitset\bitset.s
ty
Package: bitset 2019/12/09 v1.3 Handle bit-vector datatype (HO)

(C:\Users\a.leguennec\AppData\Local\Programs\MiKTeX\tex/generic/bigintcalc\bigi
ntcalc.sty
Package: bigintcalc 2019/12/15 v1.5 Expandable calculations on big integers (HO
)
))
\Fld@menulength=\count321
\Field@Width=\dimen302
\Fld@charsize=\dimen303
Package hyperref Info: Hyper figures OFF on input line 6065.
Package hyperref Info: Link nesting OFF on input line 6070.
Package hyperref Info: Hyper index ON on input line 6073.
Package hyperref Info: backreferencing OFF on input line 6080.
Package hyperref Info: Link coloring ON on input line 6083.
Package hyperref Info: Link coloring with OCG OFF on input line 6090.
Package hyperref Info: PDF/A mode OFF on input line 6095.

(C:\Users\a.leguennec\AppData\Local\Programs\MiKTeX\tex/latex/base\atbegshi-ltx
.sty
Package: atbegshi-ltx 2021/01/10 v1.0c Emulation of the original atbegshi
package with kernel methods
)
\Hy@abspage=\count322
\c@Item=\count323
\c@Hfootnote=\count324
)
Package hyperref Info: Driver (autodetected): hpdftex.

(C:\Users\a.leguennec\AppData\Local\Programs\MiKTeX\tex/latex/hyperref\hpdftex.
def
File: hpdftex.def 2023-11-26 v7.01g Hyperref driver for pdfTeX

(C:\Users\a.leguennec\AppData\Local\Programs\MiKTeX\tex/latex/base\atveryend-lt
x.sty
Package: atveryend-ltx 2020/08/19 v1.0a Emulation of the original atveryend pac
kage
with kernel methods
)
\Fld@listcount=\count325
\c@bookmark@seq@number=\count326

(C:\Users\a.leguennec\AppData\Local\Programs\MiKTeX\tex/latex/rerunfilecheck\re
runfilecheck.sty
Package: rerunfilecheck 2022-07-10 v1.10 Rerun checks for auxiliary files (HO)

(C:\Users\a.leguennec\AppData\Local\Programs\MiKTeX\tex/generic/uniquecounter\u
niquecounter.sty
Package: uniquecounter 2019/12/15 v1.4 Provide unlimited unique counter (HO)
)
Package uniquecounter Info: New unique counter `rerunfilecheck' on input line 2
85.
)
\Hy@SectionHShift=\skip86
)
(C:\Users\a.leguennec\AppData\Local\Programs\MiKTeX\tex/latex/oberdiek\hypcap.s
ty
Package: hypcap 2016/05/16 v1.12 Adjusting the anchors of captions (HO)
) (sphinxmessages.sty
Package: sphinxmessages 2019/01/04 v2.0 Localized LaTeX macros (Sphinx team)
)
\@indexfile=\write4
\openout4 = `modulescfcibm.idx'.


Writing index file modulescfcibm.idx
LaTeX Font Info:    Trying to load font information for T1+qtm on input line 75
.

(C:\Users\a.leguennec\AppData\Local\Programs\MiKTeX\tex/latex/tex-gyre\t1qtm.fd
File: t1qtm.fd 2009/09/25 v1.2 font definition file for T1/qtm
)
(C:\Users\a.leguennec\AppData\Local\Programs\MiKTeX\tex/latex/l3backend\l3backe
nd-pdftex.def
File: l3backend-pdftex.def 2024-01-04 L3 backend support: PDF output (pdfTeX)
\l__color_backend_stack_int=\count327
\l__pdf_internal_box=\box120
) (modulescfcibm.aux)
\openout1 = `modulescfcibm.aux'.

LaTeX Font Info:    Checking defaults for OML/cmm/m/it on input line 75.
LaTeX Font Info:    ... okay on input line 75.
LaTeX Font Info:    Checking defaults for OMS/cmsy/m/n on input line 75.
LaTeX Font Info:    ... okay on input line 75.
LaTeX Font Info:    Checking defaults for OT1/cmr/m/n on input line 75.
LaTeX Font Info:    ... okay on input line 75.
LaTeX Font Info:    Checking defaults for T1/cmr/m/n on input line 75.
LaTeX Font Info:    ... okay on input line 75.
LaTeX Font Info:    Checking defaults for TS1/cmr/m/n on input line 75.
LaTeX Font Info:    ... okay on input line 75.
LaTeX Font Info:    Checking defaults for OMX/cmex/m/n on input line 75.
LaTeX Font Info:    ... okay on input line 75.
LaTeX Font Info:    Checking defaults for U/cmr/m/n on input line 75.
LaTeX Font Info:    ... okay on input line 75.
LaTeX Font Info:    Checking defaults for PD1/pdf/m/n on input line 75.
LaTeX Font Info:    ... okay on input line 75.
LaTeX Font Info:    Checking defaults for PU/pdf/m/n on input line 75.
LaTeX Font Info:    ... okay on input line 75.
LaTeX Info: Redefining \degres on input line 75.
LaTeX Info: Redefining \up on input line 75.

(C:\Users\a.leguennec\AppData\Local\Programs\MiKTeX\tex/context/base/mkii\supp-
pdf.mkii
[Loading MPS to PDF converter (version 2006.09.02).]
\scratchcounter=\count328
\scratchdimen=\dimen304
\scratchbox=\box121
\nofMPsegments=\count329
\nofMParguments=\count330
\everyMPshowfont=\toks37
\MPscratchCnt=\count331
\MPscratchDim=\dimen305
\MPnumerator=\count332
\makeMPintoPDFobject=\count333
\everyMPtoPDFconversion=\toks38
)
(C:\Users\a.leguennec\AppData\Local\Programs\MiKTeX\tex/latex/epstopdf-pkg\epst
opdf-base.sty
Package: epstopdf-base 2020-01-24 v2.11 Base part for package epstopdf
Package epstopdf-base Info: Redefining graphics rule for `.eps' on input line 4
85.

(C:\Users\a.leguennec\AppData\Local\Programs\MiKTeX\tex/latex/00miktex\epstopdf
-sys.cfg
File: epstopdf-sys.cfg 2021/03/18 v2.0 Configuration of epstopdf for MiKTeX
))
\c@literalblock=\count334

*geometry* driver: auto-detecting
*geometry* detected driver: pdftex
*geometry* verbose mode - [ preamble ] result:
* driver: pdftex
* paper: letterpaper
* layout: <same size as paper>
* layoutoffset:(h,v)=(0.0pt,0.0pt)
* modes: twoside 
* h-part:(L,W,R)=(72.26999pt, 469.75502pt, 72.26999pt)
* v-part:(T,H,B)=(72.26999pt, 650.43001pt, 72.26999pt)
* \paperwidth=614.295pt
* \paperheight=794.96999pt
* \textwidth=469.75502pt
* \textheight=650.43001pt
* \oddsidemargin=0.0pt
* \evensidemargin=0.0pt
* \topmargin=-37.0pt
* \headheight=12.0pt
* \headsep=25.0pt
* \topskip=10.0pt
* \footskip=30.0pt
* \marginparwidth=36.135pt
* \marginparsep=11.0pt
* \columnsep=10.0pt
* \skip\footins=9.0pt plus 4.0pt minus 2.0pt
* \hoffset=0.0pt
* \voffset=0.0pt
* \mag=1000
* \@twocolumnfalse
* \@twosidetrue
* \@mparswitchtrue
* \@reversemarginfalse
* (1in=72.27pt=25.4mm, 1cm=28.453pt)

Package hyperref Info: Link coloring ON on input line 75.
(modulescfcibm.out) (modulescfcibm.out)
\@outlinefile=\write5
\openout5 = `modulescfcibm.out'.

Package hyperref Info: Option `pageanchor' set `false' on input line 83.
LaTeX Font Info:    Trying to load font information for T1+qhv on input line 83
.

(C:\Users\a.leguennec\AppData\Local\Programs\MiKTeX\tex/latex/tex-gyre\t1qhv.fd
File: t1qhv.fd 2009/09/25 v1.2 font definition file for T1/qhv
)<<ot1.cmap>><<oml.cmap>><<oms.cmap>><<omx.cmap>>
LaTeX Font Info:    Trying to load font information for U+msa on input line 83.


(C:\Users\a.leguennec\AppData\Local\Programs\MiKTeX\tex/latex/amsfonts\umsa.fd
File: umsa.fd 2013/01/14 v3.01 AMS symbols A
)
LaTeX Font Info:    Trying to load font information for U+msb on input line 83.

(C:\Users\a.leguennec\AppData\Local\Programs\MiKTeX\tex/latex/amsfonts\umsb.fd
File: umsb.fd 2013/01/14 v3.01 AMS symbols B
) [1

{C:/Users/a.leguennec/AppData/Local/MiKTeX/fonts/map/pdftex/pdftex.map}{C:/User
s/a.leguennec/AppData/Local/Programs/MiKTeX/fonts/enc/dvips/tex-gyre/q-ec.enc}]
 [2


] (modulescfcibm.toc)
\tf@toc=\write6
\openout6 = `modulescfcibm.toc'.

 [1

] [2

]
Chapitre 1.
<3CX_Logo_-_Wiki.png, id=209, 220.825pt x 70.2625pt>
LaTeX Font Info:    Trying to load font information for T1+txtt on input line 9
5.

(C:\Users\a.leguennec\AppData\Local\Programs\MiKTeX\tex/latex/txfonts\t1txtt.fd
File: t1txtt.fd 2000/12/15 v3.1
)
File: 3CX_Logo_-_Wiki.png Graphic file (type png)
<use 3CX_Logo_-_Wiki.png>
Package pdftex.def Info: 3CX_Logo_-_Wiki.png  used on input line 95.
(pdftex.def)             Requested size: 75.7096pt x 24.08984pt.
<3cx-paccueil.png, id=211, 1190.94937pt x 369.38pt>
File: 3cx-paccueil.png Graphic file (type png)
<use 3cx-paccueil.png>
Package pdftex.def Info: 3cx-paccueil.png  used on input line 109.
(pdftex.def)             Requested size: 469.75656pt x 145.69777pt.
 [1

 <./3CX_Logo_-_Wiki.png> <./3cx-paccueil.png>]
<3cx-licences.png, id=219, 548.0475pt x 372.39125pt>
File: 3cx-licences.png Graphic file (type png)
<use 3cx-licences.png>
Package pdftex.def Info: 3cx-licences.png  used on input line 121.
(pdftex.def)             Requested size: 469.76459pt x 319.2047pt.
 [2 <./3cx-licences.png>]
<conf-3cx1.png, id=225, 778.91pt x 276.03125pt>
File: conf-3cx1.png Graphic file (type png)
<use conf-3cx1.png>
Package pdftex.def Info: conf-3cx1.png  used on input line 230.
(pdftex.def)             Requested size: 469.75043pt x 166.47925pt.

[3 <./conf-3cx1.png>]
<conf-3cx2.png, id=232, 787.94376pt x 489.32813pt>
File: conf-3cx2.png Graphic file (type png)
<use conf-3cx2.png>
Package pdftex.def Info: conf-3cx2.png  used on input line 255.
(pdftex.def)             Requested size: 469.75212pt x 291.7325pt.
<Windows_Logo_2012-2015.png, id=233, 413.545pt x 88.33pt>
File: Windows_Logo_2012-2015.png Graphic file (type png)
<use Windows_Logo_2012-2015.png>
Package pdftex.def Info: Windows_Logo_2012-2015.png  used on input line 275.
(pdftex.def)             Requested size: 112.78185pt x 24.08984pt.
 [4 <./conf-3cx2.png> <./Windows_Logo_2012-2015.png>]
<3cx-hosts.png, id=239, 480.29437pt x 500.36937pt>
File: 3cx-hosts.png Graphic file (type png)
<use 3cx-hosts.png>
Package pdftex.def Info: 3cx-hosts.png  used on input line 308.
(pdftex.def)             Requested size: 469.76184pt x 489.4119pt.

[5 <./3cx-hosts.png>]
<3cx-login.png, id=245, 822.57312pt x 521.44812pt>
File: 3cx-login.png Graphic file (type png)
<use 3cx-login.png>
Package pdftex.def Info: 3cx-login.png  used on input line 323.
(pdftex.def)             Requested size: 469.75015pt x 297.79344pt.
<dashboard.png, id=246, 1199.98312pt x 636.87938pt>
File: dashboard.png Graphic file (type png)
<use dashboard.png>
Package pdftex.def Info: dashboard.png  used on input line 325.
(pdftex.def)             Requested size: 469.74933pt x 249.31488pt.
 [6 <./3cx-login.png> <./dashboard.png>]
<sip-trunk.png, id=252, 1200.485pt x 385.94188pt>
File: sip-trunk.png Graphic file (type png)
<use sip-trunk.png>
Package pdftex.def Info: sip-trunk.png  used on input line 334.
(pdftex.def)             Requested size: 469.7443pt x 151.01729pt.
<telco1a.png, id=253, 1203.49625pt x 507.39563pt>
File: telco1a.png Graphic file (type png)
<use telco1a.png>
Package pdftex.def Info: telco1a.png  used on input line 339.
(pdftex.def)             Requested size: 469.7473pt x 198.04608pt.
<telco1b.png, id=254, 1203.49625pt x 268.00125pt>
File: telco1b.png Graphic file (type png)
<use telco1b.png>
Package pdftex.def Info: telco1b.png  used on input line 341.
(pdftex.def)             Requested size: 469.7473pt x 104.60593pt.
 [7 <./sip-trunk.png> <./telco1a.png> <./telco1b.png>]
<webclient.png, id=262, 1198.97937pt x 682.55pt>
File: webclient.png Graphic file (type png)
<use webclient.png>
Package pdftex.def Info: webclient.png  used on input line 381.
(pdftex.def)             Requested size: 469.74059pt x 267.42238pt.
<webclient-chat.png, id=263, 1203.49625pt x 679.03688pt>
File: webclient-chat.png Graphic file (type png)
<use webclient-chat.png>
Package pdftex.def Info: webclient-chat.png  used on input line 390.
(pdftex.def)             Requested size: 469.7473pt x 265.0409pt.
 [8 <./webclient.png>]
<webclient-meeting.png, id=269, 1203.49625pt x 682.04813pt>
File: webclient-meeting.png Graphic file (type png)
<use webclient-meeting.png>
Package pdftex.def Info: webclient-meeting.png  used on input line 406.
(pdftex.def)             Requested size: 469.7473pt x 266.21625pt.
 [9 <./webclient-chat.png> <./webclient-meeting.png>]
<callhistory.png, id=277, 1203.49625pt x 679.03688pt>
File: callhistory.png Graphic file (type png)
<use callhistory.png>
Package pdftex.def Info: callhistory.png  used on input line 411.
(pdftex.def)             Requested size: 469.7473pt x 265.0409pt.
<phonebook.png, id=278, 1203.49625pt x 681.04437pt>
File: phonebook.png Graphic file (type png)
<use phonebook.png>
Package pdftex.def Info: phonebook.png  used on input line 420.
(pdftex.def)             Requested size: 469.7473pt x 265.82446pt.
 [10 <./callhistory.png> <./phonebook.png>]
<latence.png, id=285, 727.71875pt x 227.85126pt>
File: latence.png Graphic file (type png)
<use latence.png>
Package pdftex.def Info: latence.png  used on input line 444.
(pdftex.def)             Requested size: 469.76918pt x 147.08635pt.
<jitter.png, id=286, 1003.75pt x 259.97125pt>
File: jitter.png Graphic file (type png)
<use jitter.png>
Package pdftex.def Info: jitter.png  used on input line 456.
(pdftex.def)             Requested size: 469.75618pt x 121.66684pt.
<pertedepaquets.png, id=287, 726.715pt x 231.86626pt>
File: pertedepaquets.png Graphic file (type png)
<use pertedepaquets.png>
Package pdftex.def Info: pertedepaquets.png  used on input line 467.
(pdftex.def)             Requested size: 469.76437pt x 149.88338pt.

[11 <./latence.png (PNG copy)> <./jitter.png>]
<normes-poe.png, id=293, 581.67313pt x 506.39188pt>
File: normes-poe.png Graphic file (type png)
<use normes-poe.png>
Package pdftex.def Info: normes-poe.png  used on input line 482.
(pdftex.def)             Requested size: 469.75919pt x 408.96977pt.
 [12 <./pertedepaquets.png (PNG copy)>]
<rtp-conf-payload-G711.png, id=298, 984.67876pt x 766.865pt>
File: rtp-conf-payload-G711.png Graphic file (type png)
<use rtp-conf-payload-G711.png>
Package pdftex.def Info: rtp-conf-payload-G711.png  used on input line 535.
(pdftex.def)             Requested size: 469.75563pt x 365.84436pt.
 [13 <./normes-poe.png>]
<i2i-call-RTP-voice-recording.png, id=304, 790.955pt x 766.865pt>
File: i2i-call-RTP-voice-recording.png Graphic file (type png)
<use i2i-call-RTP-voice-recording.png>
Package pdftex.def Info: i2i-call-RTP-voice-recording.png  used on input line 5
47.
(pdftex.def)             Requested size: 469.76114pt x 455.4537pt.
 [14 <./rtp-conf-payload-G711.png>]
<g711-g722-frequency-response.jpg, id=310, 511.9125pt x 324.46219pt>
File: g711-g722-frequency-response.jpg Graphic file (type jpg)
<use g711-g722-frequency-response.jpg>
Package pdftex.def Info: g711-g722-frequency-response.jpg  used on input line 5
89.
(pdftex.def)             Requested size: 469.75449pt x 297.76123pt.
 [15 <./i2i-call-RTP-voice-recording.png>]
<rtp-conf-payload-G722.png, id=317, 984.67876pt x 766.865pt>
File: rtp-conf-payload-G722.png Graphic file (type png)
<use rtp-conf-payload-G722.png>
Package pdftex.def Info: rtp-conf-payload-G722.png  used on input line 594.
(pdftex.def)             Requested size: 469.75563pt x 365.84436pt.
 [16 <./g711-g722-frequency-response.jpg>]
<rtp-conf-payload-G729.png, id=322, 984.67876pt x 766.865pt>
File: rtp-conf-payload-G729.png Graphic file (type png)
<use rtp-conf-payload-G729.png>
Package pdftex.def Info: rtp-conf-payload-G729.png  used on input line 602.
(pdftex.def)             Requested size: 469.75563pt x 365.84436pt.
 [17 <./rtp-conf-payload-G722.png>] [18 <./rtp-conf-payload-G729.png>] [19]
<schema-ex1.png, id=337, 684.05562pt x 476.27937pt>
File: schema-ex1.png Graphic file (type png)
<use schema-ex1.png>
Package pdftex.def Info: schema-ex1.png  used on input line 752.
(pdftex.def)             Requested size: 469.7652pt x 327.08514pt.
<users1.png, id=338, 1201.99063pt x 309.155pt>
File: users1.png Graphic file (type png)
<use users1.png>
Package pdftex.def Info: users1.png  used on input line 763.
(pdftex.def)             Requested size: 469.74654pt x 120.81998pt.
<janine.png, id=339, 1203.49625pt x 682.55pt>
File: janine.png Graphic file (type png)
<use janine.png>
Package pdftex.def Info: janine.png  used on input line 768.
(pdftex.def)             Requested size: 469.7473pt x 266.42256pt.
 [20 <./schema-ex1.png> <./users1.png>]
<depannage-3cx.png, id=346, 985.18062pt x 191.21437pt>
File: depannage-3cx.png Graphic file (type png)
<use depannage-3cx.png>
Package pdftex.def Info: depannage-3cx.png  used on input line 807.
(pdftex.def)             Requested size: 469.75453pt x 91.17497pt.
<natpat-swisscom-ex2.png, id=347, 1084.05pt x 538.01pt>
File: natpat-swisscom-ex2.png Graphic file (type png)
<use natpat-swisscom-ex2.png>
Package pdftex.def Info: natpat-swisscom-ex2.png  used on input line 827.
(pdftex.def)             Requested size: 469.75496pt x 233.13763pt.
 [21 <./janine.png> <./depannage-3cx.png>]
<dwn-3cx.jpg, id=354, 1084.05pt x 2409.0pt>
File: dwn-3cx.jpg Graphic file (type jpg)
<use dwn-3cx.jpg>
Package pdftex.def Info: dwn-3cx.jpg  used on input line 844.
(pdftex.def)             Requested size: 180.67383pt x 401.47452pt.
 [22 <./natpat-swisscom-ex2.png>]
<open3cx-1.png, id=360, 813.0375pt x 1806.75pt>
File: open3cx-1.png Graphic file (type png)
<use open3cx-1.png>
Package pdftex.def Info: open3cx-1.png  used on input line 849.
(pdftex.def)             Requested size: 180.67383pt x 401.4837pt.
 [23 <./dwn-3cx.jpg>]
<open3cx-2.png, id=365, 813.0375pt x 1806.75pt>
File: open3cx-2.png Graphic file (type png)
<use open3cx-2.png>
Package pdftex.def Info: open3cx-2.png  used on input line 854.
(pdftex.def)             Requested size: 180.67383pt x 401.4837pt.
 [24 <./open3cx-1.png>] [25 <./open3cx-2.png>] [26

]
Chapitre 2.
<qcm-1.png, id=378, 392.46625pt x 579.66562pt>
File: qcm-1.png Graphic file (type png)
<use qcm-1.png>
Package pdftex.def Info: qcm-1.png  used on input line 918.
(pdftex.def)             Requested size: 392.46527pt x 579.6642pt.
[27] [28 <./qcm-1.png>]
<sinus-1.png, id=389, 218.4525pt x 186.2595pt>
File: sinus-1.png Graphic file (type png)
<use sinus-1.png>
Package pdftex.def Info: sinus-1.png  used on input line 984.
(pdftex.def)             Requested size: 218.45197pt x 186.25905pt.
 [29 <./sinus-1.png>]
<speedtest.jpg, id=395, 255.2445pt x 170.4915pt>
File: speedtest.jpg Graphic file (type jpg)
<use speedtest.jpg>
Package pdftex.def Info: speedtest.jpg  used on input line 1010.
(pdftex.def)             Requested size: 255.24388pt x 170.49107pt.
<am.png, id=396, 454.69875pt x 236.885pt>
File: am.png Graphic file (type png)
<use am.png>
Package pdftex.def Info: am.png  used on input line 1036.
(pdftex.def)             Requested size: 409.75932pt x 213.47646pt.
 [30 <./speedtest.jpg> <./am.png>]
[31] [32]
Chapitre 3.
(modulescfcibm.ind) [33

] (modulescfcibm.aux)
 ***********
LaTeX2e <2023-11-01> patch level 1
L3 programming layer <2024-01-04>
 ***********
Package rerunfilecheck Info: File `modulescfcibm.out' has not changed.
(rerunfilecheck)             Checksum: E8DA20A4AB2558C495AD47A6702E83F2;6743.
 ) 
Here is how much of TeX's memory you used:
 17457 strings out of 474486
 299146 string characters out of 5740923
 1936542 words of memory out of 5000000
 39281 multiletter control sequences out of 15000+600000
 610925 words of font info for 74 fonts, out of 8000000 for 9000
 1142 hyphenation exceptions out of 8191
 72i,12n,79p,898b,582s stack positions out of 10000i,1000n,20000p,200000b,200000s
<C:/Users/a.leguennec/AppData/Local/Programs/MiKTeX/fonts/type1/public/tex-gy
re/qhvb.pfb><C:/Users/a.leguennec/AppData/Local/Programs/MiKTeX/fonts/type1/pub
lic/tex-gyre/qhvbi.pfb><C:/Users/a.leguennec/AppData/Local/Programs/MiKTeX/font
s/type1/public/tex-gyre/qhvr.pfb><C:/Users/a.leguennec/AppData/Local/Programs/M
iKTeX/fonts/type1/public/tex-gyre/qtmb.pfb><C:/Users/a.leguennec/AppData/Local/
Programs/MiKTeX/fonts/type1/public/tex-gyre/qtmr.pfb><C:/Users/a.leguennec/AppD
ata/Local/Programs/MiKTeX/fonts/type1/public/tex-gyre/qtmri.pfb><C:/Users/a.leg
uennec/AppData/Local/Programs/MiKTeX/fonts/type1/public/txfonts/t1xtt.pfb>
Output written on modulescfcibm.pdf (37 pages, 5118129 bytes).
PDF statistics:
 461 PDF objects out of 1000 (max. 8388607)
 81 named destinations out of 1000 (max. 500000)
 555 words of extra memory for PDF output out of 10000 (max. 10000000)

