\BOOKMARK [0][-]{chapter.1}{\376\377\000M\000o\000d\000u\000l\000e\000\040\0003\0006\0002\000\040\000:\000\040\000M\000e\000t\000t\000r\000e\000\040\000e\000n\000\040\000s\000e\000r\000v\000i\000c\000e\000\040\000l\000e\000s\000\040\000s\000y\000s\000t\000\350\000m\000e\000s\000\040\000v\000o\000c\000a\000u\000x\000\040\000e\000t\000\040\000v\000i\000d\000\351\000o\000\040\000c\000o\000m\000p\000l\000e\000x\000e\000s}{}% 1
\BOOKMARK [1][-]{section.1.1}{\376\377\0003\000C\000X}{chapter.1}% 2
\BOOKMARK [2][-]{subsection.1.1.1}{\376\377\000Q\000u\040\031\000e\000s\000t\000-\000c\000e\000\040\000q\000u\000e\000\040\0003\000C\000X\000\040\000?}{section.1.1}% 3
\BOOKMARK [2][-]{subsection.1.1.2}{\376\377\000L\000i\000c\000e\000n\000c\000e\000s}{section.1.1}% 4
\BOOKMARK [2][-]{subsection.1.1.3}{\376\377\000D\000i\000f\000f\000\351\000r\000e\000n\000t\000s\000\040\000t\000y\000p\000e\000s\000\040\000d\040\031\000i\000n\000s\000t\000a\000l\000l\000a\000t\000i\000o\000n}{section.1.1}% 5
\BOOKMARK [3][-]{subsubsection*.3}{\376\377\000L\000i\000n\000u\000x}{subsection.1.1.3}% 6
\BOOKMARK [3][-]{subsubsection*.4}{\376\377\000W\000i\000n\000d\000o\000w\000s}{subsection.1.1.3}% 7
\BOOKMARK [2][-]{subsection.1.1.4}{\376\377\000I\000n\000t\000e\000r\000f\000a\000c\000e}{section.1.1}% 8
\BOOKMARK [3][-]{subsubsection*.5}{\376\377\000W\000e\000b\000\040\000i\000n\000t\000e\000r\000f\000a\000c\000e\000\040\000\050\000a\000d\000m\000i\000n\000\051}{subsection.1.1.4}% 9
\BOOKMARK [3][-]{subsubsection*.6}{\376\377\000W\000e\000b\000\040\000I\000n\000t\000e\000r\000f\000a\000c\000e\000\040\000\050\000c\000l\000i\000e\000n\000t\000\051}{subsection.1.1.4}% 10
\BOOKMARK [2][-]{subsection.1.1.5}{\376\377\000G\000\351\000n\000\351\000r\000a\000l\000i\000t\000\351\000s\000\040\000R\000\351\000s\000e\000a\000u}{section.1.1}% 11
\BOOKMARK [2][-]{subsection.1.1.6}{\376\377\000E\000x\000i\000g\000e\000n\000c\000e\000s\000\040\000r\000\351\000s\000e\000a\000u}{section.1.1}% 12
\BOOKMARK [2][-]{subsection.1.1.7}{\376\377\000F\000o\000n\000c\000t\000i\000o\000n\000s\000\040\000d\000e\000\040\000r\000\351\000s\000e\000a\000u}{section.1.1}% 13
\BOOKMARK [3][-]{subsubsection*.7}{\376\377\000P\000o\000E\000\040\000\050\000P\000o\000w\000e\000r\000\040\000o\000v\000e\000r\000\040\000E\000t\000h\000e\000r\000n\000e\000t\000\051}{subsection.1.1.7}% 14
\BOOKMARK [2][-]{subsection.1.1.8}{\376\377\000C\000o\000d\000e\000c\000s}{section.1.1}% 15
\BOOKMARK [3][-]{subsubsection*.8}{\376\377\000G\0007\0001\0001}{subsection.1.1.8}% 16
\BOOKMARK [3][-]{subsubsection*.9}{\376\377\000G\0007\0002\0002}{subsection.1.1.8}% 17
\BOOKMARK [3][-]{subsubsection*.10}{\376\377\000G\0007\0002\0009}{subsection.1.1.8}% 18
\BOOKMARK [1][-]{section.1.2}{\376\377\000E\000x\000e\000r\000c\000i\000c\000e\000s}{chapter.1}% 19
\BOOKMARK [2][-]{subsection.1.2.1}{\376\377\000E\000x\000e\000r\000c\000i\000c\000e\000\040\0001}{section.1.2}% 20
\BOOKMARK [3][-]{subsubsection*.11}{\376\377\000D\000e\000m\000a\000n\000d\000e}{subsection.1.2.1}% 21
\BOOKMARK [3][-]{subsubsection*.12}{\376\377\000W\000o\000r\000k\000f\000l\000o\000w\000\040\000:}{subsection.1.2.1}% 22
\BOOKMARK [2][-]{subsection.1.2.2}{\376\377\000E\000x\000e\000r\000c\000i\000c\000e\000\040\0002}{section.1.2}% 23
\BOOKMARK [3][-]{subsubsection*.13}{\376\377\0001\000.\000\040\000N\000A\000T\000\040\000/\000\040\000P\000A\000T\000\040\000a\000v\000e\000c\000\040\000i\000n\000s\000t\000a\000l\000l\000a\000t\000i\000o\000n\000\040\000a\000p\000p\000\040\000n\000a\000t\000e\000l\000\040\000e\000x\000t\000e\000r\000n\000e}{subsection.1.2.2}% 24
\BOOKMARK [3][-]{subsubsection*.14}{\376\377\0002\000.\000\040\0001\000\040\000A\000p\000p\000\040\000+\000\040\0001\000\040\000W\000e\000b\000c\000l\000i\000e\000n\000t\000\040\000e\000n\000\040\000i\000n\000t\000e\000r\000n\000e\000\040\000a\000v\000e\000c\000\040\000W\000i\000r\000e\000s\000h\000a\000r\000k}{subsection.1.2.2}% 25
\BOOKMARK [3][-]{subsubsection*.15}{\376\377\0003\000.\000\040\0002\000\040\000T\000\351\000l\000\351\000p\000h\000o\000n\000e\000s\000\040\000S\000I\000P\000\040\000a\000v\000e\000c\000\040\000W\000i\000r\000e\000s\000h\000a\000r\000k\000\040\000\050\000c\000o\000m\000p\000a\000r\000a\000i\000s\000o\000n\000\040\000G\0007\0001\0001\000/\000G\0007\0002\0002\000/\000G\0007\0002\0009\000\040\000\051}{subsection.1.2.2}% 26
\BOOKMARK [0][-]{chapter.2}{\376\377\000M\000o\000d\000u\000l\000e\000\040\0001\0004\0004\000\040\000:\000\040\000R\000\351\000s\000e\000a\000u\000x\000\040\000s\000a\000n\000s\000-\000f\000i\000l\000\040\000\050\000e\000n\000\040\000t\000r\000a\000v\000a\000u\000x\000\051}{}% 27
\BOOKMARK [1][-]{section.2.1}{\376\377\000I\000n\000t\000r\000o\000d\000u\000c\000t\000i\000o\000n}{chapter.2}% 28
\BOOKMARK [1][-]{section.2.2}{\376\377\000S\000e\000m\000a\000i\000n\000e\000\040\0002}{chapter.2}% 29
\BOOKMARK [2][-]{subsection.2.2.1}{\376\377\000I\000n\000t\000r\000o\000d\000u\000c\000t\000i\000o\000n}{section.2.2}% 30
\BOOKMARK [2][-]{subsection.2.2.2}{\376\377\000F\000r\000\351\000q\000u\000e\000n\000c\000e}{section.2.2}% 31
\BOOKMARK [2][-]{subsection.2.2.3}{\376\377\000B\000a\000n\000d\000e\000\040\000p\000a\000s\000s\000a\000n\000t\000e}{section.2.2}% 32
\BOOKMARK [2][-]{subsection.2.2.4}{\376\377\000D\000\351\000b\000i\000t\000\040\000b\000i\000n\000a\000i\000r\000e}{section.2.2}% 33
\BOOKMARK [2][-]{subsection.2.2.5}{\376\377\000M\000o\000d\000u\000l\000a\000t\000i\000o\000n}{section.2.2}% 34
\BOOKMARK [2][-]{subsection.2.2.6}{\376\377\000N\000o\000r\000m\000e\000s\000\040\0008\0000\0002\000.\0001\0001}{section.2.2}% 35
\BOOKMARK [1][-]{section.2.3}{\376\377\000S\000e\000m\000a\000i\000n\000e\000\040\0003}{chapter.2}% 36
\BOOKMARK [2][-]{subsection.2.3.1}{\376\377\000I\000n\000t\000r\000o\000d\000u\000c\000t\000i\000o\000n}{section.2.3}% 37
\BOOKMARK [2][-]{subsection.2.3.2}{\376\377\000L\000e\000\040\000r\000o\000a\000m\000i\000n\000g}{section.2.3}% 38
\BOOKMARK [2][-]{subsection.2.3.3}{\376\377\000T\000r\000a\000m\000e\000\040\0008\0000\0002\000.\0001\0001}{section.2.3}% 39
\BOOKMARK [2][-]{subsection.2.3.4}{\376\377\000T\000o\000p\000o\000l\000o\000g\000i\000e\000s\000\040\000\046\000\040\000E\000n\000v\000i\000r\000o\000n\000n\000e\000m\000e\000n\000t}{section.2.3}% 40
\BOOKMARK [2][-]{subsection.2.3.5}{\376\377\000M\000a\000n\000d\000a\000t\000\040\000p\000r\000a\000t\000i\000q\000u\000e\000\040\0003\0000\000.\0003\000.\0005}{section.2.3}% 41
\BOOKMARK [2][-]{subsection.2.3.6}{\376\377\000M\000a\000n\000d\000a\000t\000\040\000p\000r\000a\000t\000i\000q\000u\000e\000\040\000I\000B\000S\000S}{section.2.3}% 42
\BOOKMARK [0][-]{chapter.3}{\376\377\000I\000n\000d\000i\000c\000e\000s\000\040\000a\000n\000d\000\040\000t\000a\000b\000l\000e\000s}{}% 43
